<?xml version="1.0" encoding="UTF-8"?>
<!-- Generated by org.testng.reporters.JUnitReportReporter -->
<testsuite hostname="DESKTOP-DUQ1V0B" failures="0" tests="1" name="tests.CalculatorTest" time="17.712" errors="0" timestamp="2025-04-15T18:35:43 IST" skipped="0">
  <testcase classname="tests.CalculatorTest" name="testAddition" time="17.712"/>
  <system-out/>
</testsuite> <!-- tests.CalculatorTest -->
